[debug] [2025-07-22T06:39:50.195Z] ----------------------------------------------------------------------
[debug] [2025-07-22T06:39:50.198Z] Command:       C:\Program Files\nodejs\node.exe C:\Users\infyz\AppData\Roaming\npm\node_modules\firebase-tools\lib\bin\firebase.js init hosting
[debug] [2025-07-22T06:39:50.199Z] CLI Version:   14.11.0
[debug] [2025-07-22T06:39:50.199Z] Platform:      win32
[debug] [2025-07-22T06:39:50.199Z] Node Version:  v22.15.0
[debug] [2025-07-22T06:39:50.199Z] Time:          Tue Jul 22 2025 12:09:50 GMT+0530 (India Standard Time)
[debug] [2025-07-22T06:39:50.200Z] ----------------------------------------------------------------------
[debug] 
[debug] [2025-07-22T06:39:50.204Z] > command requires scopes: ["email","openid","https://www.googleapis.com/auth/cloudplatformprojects.readonly","https://www.googleapis.com/auth/firebase","https://www.googleapis.com/auth/cloud-platform"]
[debug] [2025-07-22T06:39:50.204Z] > authorizing via signed-in user (adinarayana.k@infyzterminals.com)
[info] 
     ######## #### ########  ######## ########     ###     ######  ########
     ##        ##  ##     ## ##       ##     ##  ##   ##  ##       ##
     ######    ##  ########  ######   ########  #########  ######  ######
     ##        ##  ##    ##  ##       ##     ## ##     ##       ## ##
     ##       #### ##     ## ######## ########  ##     ##  ######  ########

You're about to initialize a Firebase project in this directory:

  C:\Users\infyz\Desktop\startbootstrap-sb-admin-2-gh-pages

[info] 
=== Project Setup
[info] 
[info] First, let's associate this project directory with a Firebase project.
[info] You can create multiple project aliases by running firebase use --add, 
[info] but for now we'll just set up a default project.
[info] 
[info] i  If you want to create a project in a Google Cloud organization or folder, please use "firebase projects:create" instead, and return to this command when you've created the project. 
[debug] [2025-07-22T06:40:01.970Z] Checked if tokens are valid: true, expires at: 1753169933648
[debug] [2025-07-22T06:40:01.971Z] Checked if tokens are valid: true, expires at: 1753169933648
[debug] [2025-07-22T06:40:01.977Z] >>> [apiv2][query] POST https://firebase.googleapis.com/v1/projects:checkProjectId [none]
[debug] [2025-07-22T06:40:01.978Z] >>> [apiv2][body] POST https://firebase.googleapis.com/v1/projects:checkProjectId {"proposedId":"RSR_INFYZ"}
[debug] [2025-07-22T06:40:02.351Z] <<< [apiv2][status] POST https://firebase.googleapis.com/v1/projects:checkProjectId 400
[debug] [2025-07-22T06:40:02.351Z] <<< [apiv2][body] POST https://firebase.googleapis.com/v1/projects:checkProjectId {"error":{"code":400,"message":"Request contains an invalid argument.","status":"INVALID_ARGUMENT"}}
[debug] [2025-07-22T06:40:02.353Z] Couldn't check if project ID RSR_INFYZ is available. Original error: FirebaseError: Failed to check if project ID is available. See firebase-debug.log for more info.
[debug] [2025-07-22T06:40:03.824Z] Checked if tokens are valid: true, expires at: 1753169933648
[debug] [2025-07-22T06:40:03.825Z] Checked if tokens are valid: true, expires at: 1753169933648
[debug] [2025-07-22T06:40:03.825Z] >>> [apiv2][query] POST https://cloudresourcemanager.googleapis.com/v1/projects [none]
[debug] [2025-07-22T06:40:03.825Z] >>> [apiv2][body] POST https://cloudresourcemanager.googleapis.com/v1/projects {"projectId":"RSR_INFYZ","name":"RSR_INFYZ"}
[debug] [2025-07-22T06:40:05.135Z] <<< [apiv2][status] POST https://cloudresourcemanager.googleapis.com/v1/projects 400
[debug] [2025-07-22T06:40:05.135Z] <<< [apiv2][body] POST https://cloudresourcemanager.googleapis.com/v1/projects {"error":{"code":400,"message":"Request contains an invalid argument.","status":"INVALID_ARGUMENT","details":[{"@type":"type.googleapis.com/google.rpc.BadRequest","fieldViolations":[{"field":"project_id","description":"project_id contains invalid characters"},{"field":"display_name","description":"project display name contains invalid characters"}]},{"@type":"type.googleapis.com/google.rpc.Help","links":[{"url":"https://cloud.google.com/resource-manager/reference/rest/v1/projects"}]}]}}
[debug] [2025-07-22T06:40:05.323Z] FirebaseError: Request to https://cloudresourcemanager.googleapis.com/v1/projects had HTTP Error: 400, Request contains an invalid argument.
    at responseToError (C:\Users\infyz\AppData\Roaming\npm\node_modules\firebase-tools\lib\responseToError.js:52:12)
    at RetryOperation._fn (C:\Users\infyz\AppData\Roaming\npm\node_modules\firebase-tools\lib\apiv2.js:312:77)
    at process.processTicksAndRejections (node:internal/process/task_queues:105:5)
[error] 
[error] Error: Failed to create project. See firebase-debug.log for more info.
